nohup: ignoring input
Packing fraction phi = 0.019634954084936207
12:25:23.569519
[T_2] Running simulation 1/1
  steps     0-300000: gamma=0.0000e+00, <e_dot>_blk=5.000e-01, eta_100=1.161e+01 eta_o_100=-6.489e-01
13:14:17.281338
for this interval the temperature is given by 0.046874999999999986
  steps 300000-600000: gamma=0.0000e+00, <e_dot>_blk=5.000e-01, eta_100=1.070e+01 eta_o_100=-1.904e+00
01:32:41.529176
for this interval the temperature is given by 0.04687499999999998
  steps 600000-900000: gamma=0.0000e+00, <e_dot>_blk=5.000e-01, eta_100=1.081e+01 eta_o_100=-1.321e+00
13:20:13.958571
for this interval the temperature is given by 0.046874999999999986
  steps 900000-1200000: gamma=0.0000e+00, <e_dot>_blk=5.000e-01, eta_100=1.170e+01 eta_o_100=-1.288e+00
01:09:00.310914
for this interval the temperature is given by 0.04687499999999997
  steps 1200000-1500000: gamma=0.0000e+00, <e_dot>_blk=5.000e-01, eta_100=1.132e+01 eta_o_100=-1.757e+00
12:55:51.206020
for this interval the temperature is given by 0.04687499999999998
  steps 1500000-1800000: gamma=0.0000e+00, <e_dot>_blk=5.000e-01, eta_100=1.128e+01 eta_o_100=-2.001e+00
00:41:13.402760
for this interval the temperature is given by 0.046874999999999986
the number of collisions is given by 222187
the net number of chiral collisions is given by -114777
shear_kin/shear_col = 44.95968194948482
Estimated eta   ~ 1.123674e+01
Estimated eta_kin   ~ 1.099225e+01
Estimated eta_col   ~ 2.444913e-01
Estimated eta_o ~ -1.486457e+00
Estimated eta_R ~ 0.000000e+00
Initial T (from sbar):            4.687500e-02
Final T (from sim.vel, peculiar): 4.687500e-02
eta divided by square root of temperature   ~ 5.190029e+01
Chapman–Enskog eta0 using initial T: 1.202714e+01  [kBT_init=4.687500e-02, sigma=5.000e-03]
Chapman–Enskog etao0 using initial T: -1.503392e+00  [kBT_init=4.687500e-02, sigma=5.000e-03]
the ratio of numerics to analytics is 0.9342822230336173
the ratio of numerics to analytics for odd is 0.9887350174376899
00:41:13.412767
[T_2] Running simulation 1/1
  steps     0-300000: gamma=0.0000e+00, <e_dot>_blk=1.000e+00, eta_100=1.014e+01 eta_o_100=-1.134e+00
01:51:29.780602
for this interval the temperature is given by 0.046874999999999986
  steps 300000-600000: gamma=0.0000e+00, <e_dot>_blk=1.000e+00, eta_100=1.047e+01 eta_o_100=-1.354e+00
13:40:31.772903
for this interval the temperature is given by 0.04687499999999997
  steps 600000-900000: gamma=0.0000e+00, <e_dot>_blk=1.000e+00, eta_100=1.045e+01 eta_o_100=-1.334e+00
02:20:54.240519
for this interval the temperature is given by 0.046874999999999986
  steps 900000-1200000: gamma=0.0000e+00, <e_dot>_blk=1.000e+00, eta_100=1.048e+01 eta_o_100=-1.232e+00
13:59:41.448182
for this interval the temperature is given by 0.046874999999999986
  steps 1200000-1500000: gamma=0.0000e+00, <e_dot>_blk=1.000e+00, eta_100=1.061e+01 eta_o_100=-1.631e+00
01:39:42.218601
for this interval the temperature is given by 0.04687499999999998
  steps 1500000-1800000: gamma=0.0000e+00, <e_dot>_blk=1.000e+00, eta_100=1.030e+01 eta_o_100=-1.133e+00
13:37:09.200558
for this interval the temperature is given by 0.046874999999999986
the number of collisions is given by 220668
the net number of chiral collisions is given by -115306
shear_kin/shear_col = 42.81392601414305
Estimated eta   ~ 1.040764e+01
Estimated eta_kin   ~ 1.017010e+01
Estimated eta_col   ~ 2.375419e-01
Estimated eta_o ~ -1.302843e+00
Estimated eta_R ~ 0.000000e+00
Initial T (from sbar):            4.687500e-02
Final T (from sim.vel, peculiar): 4.687500e-02
eta divided by square root of temperature   ~ 4.807084e+01
Chapman–Enskog eta0 using initial T: 1.202714e+01  [kBT_init=4.687500e-02, sigma=5.000e-03]
Chapman–Enskog etao0 using initial T: -1.503392e+00  [kBT_init=4.687500e-02, sigma=5.000e-03]
the ratio of numerics to analytics is 0.8653464301951849
the ratio of numerics to analytics for odd is 0.8666021939365279
13:37:09.208094
[T_2] Running simulation 1/1
  steps     0-300000: gamma=0.0000e+00, <e_dot>_blk=1.500e+00, eta_100=9.339e+00 eta_o_100=-1.075e+00
13:22:25.929384
for this interval the temperature is given by 0.04687499999999997
  steps 300000-600000: gamma=0.0000e+00, <e_dot>_blk=1.500e+00, eta_100=9.444e+00 eta_o_100=-1.107e+00
01:02:28.737775
for this interval the temperature is given by 0.046874999999999986
  steps 600000-900000: gamma=0.0000e+00, <e_dot>_blk=1.500e+00, eta_100=9.167e+00 eta_o_100=-1.183e+00
12:52:29.697516
for this interval the temperature is given by 0.046874999999999986
  steps 900000-1200000: gamma=0.0000e+00, <e_dot>_blk=1.500e+00, eta_100=9.451e+00 eta_o_100=-1.245e+00
01:41:30.731445
for this interval the temperature is given by 0.04687499999999999
  steps 1200000-1500000: gamma=0.0000e+00, <e_dot>_blk=1.500e+00, eta_100=9.188e+00 eta_o_100=-1.439e+00
13:25:53.229966
for this interval the temperature is given by 0.046874999999999986
  steps 1500000-1800000: gamma=0.0000e+00, <e_dot>_blk=1.500e+00, eta_100=9.325e+00 eta_o_100=-1.368e+00
01:41:41.192491
for this interval the temperature is given by 0.046874999999999986
the number of collisions is given by 220067
the net number of chiral collisions is given by -115091
shear_kin/shear_col = 41.67321651101963
Estimated eta   ~ 9.318846e+00
Estimated eta_kin   ~ 9.100469e+00
Estimated eta_col   ~ 2.183769e-01
Estimated eta_o ~ -1.236270e+00
Estimated eta_R ~ 0.000000e+00
Initial T (from sbar):            4.687500e-02
Final T (from sim.vel, peculiar): 4.687500e-02
eta divided by square root of temperature   ~ 4.304191e+01
Chapman–Enskog eta0 using initial T: 1.202714e+01  [kBT_init=4.687500e-02, sigma=5.000e-03]
Chapman–Enskog etao0 using initial T: -1.503392e+00  [kBT_init=4.687500e-02, sigma=5.000e-03]
the ratio of numerics to analytics is 0.7748182099939193
the ratio of numerics to analytics for odd is 0.8223203247525088
01:41:41.195487
[T_2] Running simulation 1/1
  steps     0-300000: gamma=0.0000e+00, <e_dot>_blk=2.000e+00, eta_100=8.183e+00 eta_o_100=-8.326e-01
01:59:42.670654
for this interval the temperature is given by 0.046874999999999986
  steps 300000-600000: gamma=0.0000e+00, <e_dot>_blk=2.000e+00, eta_100=8.035e+00 eta_o_100=-9.724e-01
13:55:31.359226
for this interval the temperature is given by 0.046874999999999986
  steps 600000-900000: gamma=0.0000e+00, <e_dot>_blk=2.000e+00, eta_100=8.116e+00 eta_o_100=-1.123e+00
02:39:32.892575
for this interval the temperature is given by 0.046874999999999986
  steps 900000-1200000: gamma=0.0000e+00, <e_dot>_blk=2.000e+00, eta_100=8.205e+00 eta_o_100=-8.019e-01
14:36:28.806680
for this interval the temperature is given by 0.046874999999999986
  steps 1200000-1500000: gamma=0.0000e+00, <e_dot>_blk=2.000e+00, eta_100=8.173e+00 eta_o_100=-7.504e-01
03:11:58.148565
for this interval the temperature is given by 0.046874999999999986
  steps 1500000-1800000: gamma=0.0000e+00, <e_dot>_blk=2.000e+00, eta_100=8.181e+00 eta_o_100=-8.618e-01
14:59:13.352552
for this interval the temperature is given by 0.04687499999999998
the number of collisions is given by 221471
the net number of chiral collisions is given by -115961
shear_kin/shear_col = 40.58598830054816
Estimated eta   ~ 8.148930e+00
Estimated eta_kin   ~ 7.952976e+00
Estimated eta_col   ~ 1.959537e-01
Estimated eta_o ~ -8.902780e-01
Estimated eta_R ~ 0.000000e+00
Initial T (from sbar):            4.687500e-02
Final T (from sim.vel, peculiar): 4.687500e-02
eta divided by square root of temperature   ~ 3.763829e+01
Chapman–Enskog eta0 using initial T: 1.202714e+01  [kBT_init=4.687500e-02, sigma=5.000e-03]
Chapman–Enskog etao0 using initial T: -1.503392e+00  [kBT_init=4.687500e-02, sigma=5.000e-03]
the ratio of numerics to analytics is 0.677545178071613
the ratio of numerics to analytics for odd is 0.5921794014445475
14:59:13.356961
