nohup: ignoring input
Packing fraction phi = 0.019634954084936207
10:13:26.667676
[T_1] Running simulation 1/1
  steps     0-300000: gamma=0.0000e+00, <e_dot>_blk=1.500e+00, eta_100=5.511e+00 eta_o_100=-4.805e-01
07:09:25.963500
for this interval the temperature is given by 0.02343749999999999
  steps 300000-600000: gamma=0.0000e+00, <e_dot>_blk=1.500e+00, eta_100=5.480e+00 eta_o_100=-5.334e-01
16:02:23.942195
for this interval the temperature is given by 0.02343749999999999
  steps 600000-900000: gamma=0.0000e+00, <e_dot>_blk=1.500e+00, eta_100=5.436e+00 eta_o_100=-4.962e-01
01:44:22.271569
for this interval the temperature is given by 0.023437499999999986
  steps 900000-1200000: gamma=0.0000e+00, <e_dot>_blk=1.500e+00, eta_100=5.437e+00 eta_o_100=-6.188e-01
09:40:01.017350
for this interval the temperature is given by 0.023437499999999993
  steps 1200000-1500000: gamma=0.0000e+00, <e_dot>_blk=1.500e+00, eta_100=5.442e+00 eta_o_100=-6.284e-01
17:40:11.521459
for this interval the temperature is given by 0.023437499999999993
  steps 1500000-1800000: gamma=0.0000e+00, <e_dot>_blk=1.500e+00, eta_100=5.584e+00 eta_o_100=-5.601e-01
01:37:11.312506
for this interval the temperature is given by 0.023437499999999986
the number of collisions is given by 156644
the net number of chiral collisions is given by -83188
shear_kin/shear_col = 41.32682732325985
Estimated eta   ~ 5.481704e+00
Estimated eta_kin   ~ 5.352196e+00
Estimated eta_col   ~ 1.295090e-01
Estimated eta_o ~ -5.529224e-01
Estimated eta_R ~ 0.000000e+00
Initial T (from sbar):            2.343750e-02
Final T (from sim.vel, peculiar): 2.343750e-02
eta divided by square root of temperature   ~ 3.580634e+01
Chapman–Enskog eta0 using initial T: 8.504471e+00  [kBT_init=2.343750e-02, sigma=5.000e-03]
Chapman–Enskog etao0 using initial T: -1.063059e+00  [kBT_init=2.343750e-02, sigma=5.000e-03]
the ratio of numerics to analytics is 0.644567339859018
the ratio of numerics to analytics for odd is 0.5201239295621773
01:37:11.324922
[T_1] Running simulation 1/1
  steps     0-300000: gamma=0.0000e+00, <e_dot>_blk=2.000e+00, eta_100=4.698e+00 eta_o_100=-4.710e-01
17:33:14.917887
for this interval the temperature is given by 0.023437499999999997
  steps 300000-600000: gamma=0.0000e+00, <e_dot>_blk=2.000e+00, eta_100=4.746e+00 eta_o_100=-4.324e-01
01:28:41.391376
for this interval the temperature is given by 0.023437499999999993
  steps 600000-900000: gamma=0.0000e+00, <e_dot>_blk=2.000e+00, eta_100=4.894e+00 eta_o_100=-4.163e-01
09:27:56.458382
for this interval the temperature is given by 0.023437499999999997
  steps 900000-1200000: gamma=0.0000e+00, <e_dot>_blk=2.000e+00, eta_100=4.826e+00 eta_o_100=-5.653e-01
17:27:07.378968
for this interval the temperature is given by 0.023437499999999986
  steps 1200000-1500000: gamma=0.0000e+00, <e_dot>_blk=2.000e+00, eta_100=4.772e+00 eta_o_100=-4.450e-01
01:22:10.528444
for this interval the temperature is given by 0.02343749999999999
  steps 1500000-1800000: gamma=0.0000e+00, <e_dot>_blk=2.000e+00, eta_100=4.755e+00 eta_o_100=-5.823e-01
09:23:47.355964
for this interval the temperature is given by 0.023437499999999993
the number of collisions is given by 155008
the net number of chiral collisions is given by -82202
shear_kin/shear_col = 39.64496306310436
Estimated eta   ~ 4.781937e+00
Estimated eta_kin   ~ 4.664285e+00
Estimated eta_col   ~ 1.176514e-01
Estimated eta_o ~ -4.853759e-01
Estimated eta_R ~ 0.000000e+00
Initial T (from sbar):            2.343750e-02
Final T (from sim.vel, peculiar): 2.343750e-02
eta divided by square root of temperature   ~ 3.123548e+01
Chapman–Enskog eta0 using initial T: 8.504471e+00  [kBT_init=2.343750e-02, sigma=5.000e-03]
Chapman–Enskog etao0 using initial T: -1.063059e+00  [kBT_init=2.343750e-02, sigma=5.000e-03]
the ratio of numerics to analytics is 0.5622849947746296
the ratio of numerics to analytics for odd is 0.45658420131888133
09:23:47.356966
