nohup: ignoring input
Packing fraction phi = 0.019634954084936207
12:25:23.395687
[T_0] Running simulation 1/1
  steps     0-300000: gamma=0.0000e+00, <e_dot>_blk=5.000e-01, eta_100=5.634e+00 eta_o_100=-6.953e-01
13:10:40.230591
for this interval the temperature is given by 0.01562500000000001
  steps 300000-600000: gamma=0.0000e+00, <e_dot>_blk=5.000e-01, eta_100=5.851e+00 eta_o_100=-4.492e-01
01:27:47.502847
for this interval the temperature is given by 0.015625000000000007
  steps 600000-900000: gamma=0.0000e+00, <e_dot>_blk=5.000e-01, eta_100=5.907e+00 eta_o_100=-8.368e-01
13:13:27.627249
for this interval the temperature is given by 0.015625000000000007
  steps 900000-1200000: gamma=0.0000e+00, <e_dot>_blk=5.000e-01, eta_100=5.853e+00 eta_o_100=-8.971e-01
01:00:27.023208
for this interval the temperature is given by 0.015625000000000007
  steps 1200000-1500000: gamma=0.0000e+00, <e_dot>_blk=5.000e-01, eta_100=6.019e+00 eta_o_100=-8.099e-01
12:45:33.810280
for this interval the temperature is given by 0.015625000000000007
  steps 1500000-1800000: gamma=0.0000e+00, <e_dot>_blk=5.000e-01, eta_100=5.942e+00 eta_o_100=-8.178e-01
00:29:12.506134
for this interval the temperature is given by 0.015625000000000007
the number of collisions is given by 128033
the net number of chiral collisions is given by -66655
shear_kin/shear_col = 41.81673710864787
Estimated eta   ~ 5.867911e+00
Estimated eta_kin   ~ 5.730864e+00
Estimated eta_col   ~ 1.370471e-01
Estimated eta_o ~ -7.510176e-01
Estimated eta_R ~ 0.000000e+00
Initial T (from sbar):            1.562500e-02
Final T (from sim.vel, peculiar): 1.562500e-02
eta divided by square root of temperature   ~ 4.694329e+01
Chapman–Enskog eta0 using initial T: 6.943872e+00  [kBT_init=1.562500e-02, sigma=5.000e-03]
Chapman–Enskog etao0 using initial T: -8.679840e-01  [kBT_init=1.562500e-02, sigma=5.000e-03]
the ratio of numerics to analytics is 0.8450488977828458
the ratio of numerics to analytics for odd is 0.8652436571555397
00:29:12.519133
[T_0] Running simulation 1/1
  steps     0-300000: gamma=0.0000e+00, <e_dot>_blk=1.000e+00, eta_100=4.878e+00 eta_o_100=-5.050e-01
01:35:56.976522
for this interval the temperature is given by 0.015625000000000007
  steps 300000-600000: gamma=0.0000e+00, <e_dot>_blk=1.000e+00, eta_100=4.926e+00 eta_o_100=-7.267e-01
13:20:15.544107
for this interval the temperature is given by 0.015625000000000007
  steps 600000-900000: gamma=0.0000e+00, <e_dot>_blk=1.000e+00, eta_100=4.924e+00 eta_o_100=-6.680e-01
02:01:15.323667
for this interval the temperature is given by 0.015625000000000007
  steps 900000-1200000: gamma=0.0000e+00, <e_dot>_blk=1.000e+00, eta_100=4.839e+00 eta_o_100=-4.844e-01
13:38:01.910504
for this interval the temperature is given by 0.015625000000000007
  steps 1200000-1500000: gamma=0.0000e+00, <e_dot>_blk=1.000e+00, eta_100=4.965e+00 eta_o_100=-6.246e-01
01:15:41.082446
for this interval the temperature is given by 0.015625000000000007
  steps 1500000-1800000: gamma=0.0000e+00, <e_dot>_blk=1.000e+00, eta_100=4.891e+00 eta_o_100=-6.483e-01
13:07:38.794890
for this interval the temperature is given by 0.015625000000000007
the number of collisions is given by 127686
the net number of chiral collisions is given by -66848
shear_kin/shear_col = 41.285706994933335
Estimated eta   ~ 4.903997e+00
Estimated eta_kin   ~ 4.788024e+00
Estimated eta_col   ~ 1.159729e-01
Estimated eta_o ~ -6.095058e-01
Estimated eta_R ~ 0.000000e+00
Initial T (from sbar):            1.562500e-02
Final T (from sim.vel, peculiar): 1.562500e-02
eta divided by square root of temperature   ~ 3.923198e+01
Chapman–Enskog eta0 using initial T: 6.943872e+00  [kBT_init=1.562500e-02, sigma=5.000e-03]
Chapman–Enskog etao0 using initial T: -8.679840e-01  [kBT_init=1.562500e-02, sigma=5.000e-03]
the ratio of numerics to analytics is 0.7062337927716082
the ratio of numerics to analytics for odd is 0.7022085833654091
13:07:38.803757
[T_0] Running simulation 1/1
  steps     0-300000: gamma=0.0000e+00, <e_dot>_blk=1.500e+00, eta_100=4.009e+00 eta_o_100=-4.239e-01
12:52:22.096233
for this interval the temperature is given by 0.015625000000000007
  steps 300000-600000: gamma=0.0000e+00, <e_dot>_blk=1.500e+00, eta_100=4.121e+00 eta_o_100=-3.902e-01
00:30:13.756992
for this interval the temperature is given by 0.01562500000000001
  steps 600000-900000: gamma=0.0000e+00, <e_dot>_blk=1.500e+00, eta_100=4.044e+00 eta_o_100=-4.213e-01
12:11:45.264568
for this interval the temperature is given by 0.015625000000000007
  steps 900000-1200000: gamma=0.0000e+00, <e_dot>_blk=1.500e+00, eta_100=4.109e+00 eta_o_100=-4.246e-01
01:04:58.634814
for this interval the temperature is given by 0.015625000000000007
  steps 1200000-1500000: gamma=0.0000e+00, <e_dot>_blk=1.500e+00, eta_100=3.981e+00 eta_o_100=-2.796e-01
12:47:04.949019
for this interval the temperature is given by 0.015625000000000007
  steps 1500000-1800000: gamma=0.0000e+00, <e_dot>_blk=1.500e+00, eta_100=3.978e+00 eta_o_100=-4.462e-01
01:00:27.713359
for this interval the temperature is given by 0.015625000000000007
the number of collisions is given by 126629
the net number of chiral collisions is given by -67387
shear_kin/shear_col = 39.858626304458134
Estimated eta   ~ 4.040504e+00
Estimated eta_kin   ~ 3.941614e+00
Estimated eta_col   ~ 9.888986e-02
Estimated eta_o ~ -3.976396e-01
Estimated eta_R ~ 0.000000e+00
Initial T (from sbar):            1.562500e-02
Final T (from sim.vel, peculiar): 1.562500e-02
eta divided by square root of temperature   ~ 3.232403e+01
Chapman–Enskog eta0 using initial T: 6.943872e+00  [kBT_init=1.562500e-02, sigma=5.000e-03]
Chapman–Enskog etao0 using initial T: -8.679840e-01  [kBT_init=1.562500e-02, sigma=5.000e-03]
the ratio of numerics to analytics is 0.5818805084682337
the ratio of numerics to analytics for odd is 0.4581186370707574
01:00:27.719357
[T_0] Running simulation 1/1
  steps     0-300000: gamma=0.0000e+00, <e_dot>_blk=2.000e+00, eta_100=3.371e+00 eta_o_100=-3.761e-01
01:14:31.859307
for this interval the temperature is given by 0.015625000000000003
  steps 300000-600000: gamma=0.0000e+00, <e_dot>_blk=2.000e+00, eta_100=3.340e+00 eta_o_100=-3.324e-01
13:03:24.125760
for this interval the temperature is given by 0.015625000000000007
  steps 600000-900000: gamma=0.0000e+00, <e_dot>_blk=2.000e+00, eta_100=3.388e+00 eta_o_100=-3.189e-01
01:50:19.582947
for this interval the temperature is given by 0.015625000000000007
  steps 900000-1200000: gamma=0.0000e+00, <e_dot>_blk=2.000e+00, eta_100=3.336e+00 eta_o_100=-2.787e-01
13:37:06.147094
for this interval the temperature is given by 0.015625000000000007
  steps 1200000-1500000: gamma=0.0000e+00, <e_dot>_blk=2.000e+00, eta_100=3.415e+00 eta_o_100=-2.511e-01
02:18:37.957129
for this interval the temperature is given by 0.01562500000000001
  steps 1500000-1800000: gamma=0.0000e+00, <e_dot>_blk=2.000e+00, eta_100=3.333e+00 eta_o_100=-3.230e-01
14:05:37.043841
for this interval the temperature is given by 0.015625000000000007
the number of collisions is given by 135786
the net number of chiral collisions is given by -77618
shear_kin/shear_col = 38.07011613195159
Estimated eta   ~ 3.363765e+00
Estimated eta_kin   ~ 3.277670e+00
Estimated eta_col   ~ 8.609561e-02
Estimated eta_o ~ -3.133570e-01
Estimated eta_R ~ 0.000000e+00
Initial T (from sbar):            1.562500e-02
Final T (from sim.vel, peculiar): 1.562500e-02
eta divided by square root of temperature   ~ 2.691012e+01
Chapman–Enskog eta0 using initial T: 6.943872e+00  [kBT_init=1.562500e-02, sigma=5.000e-03]
Chapman–Enskog etao0 using initial T: -8.679840e-01  [kBT_init=1.562500e-02, sigma=5.000e-03]
the ratio of numerics to analytics is 0.4844221689700867
the ratio of numerics to analytics for odd is 0.3610170712171332
14:05:37.049840
