nohup: ignoring input
Packing fraction phi = 0.019634954084936207
15:15:44.607213
[T_1] Running simulation 1/1
  steps     0-300000: gamma=0.0000e+00, <e_dot>_blk=5.000e-01, eta_100=7.353e+00 eta_o_100=-9.786e-01
16:35:04.187568
for this interval the temperature is given by 0.023437499999999993
  steps 300000-600000: gamma=0.0000e+00, <e_dot>_blk=5.000e-01, eta_100=7.408e+00 eta_o_100=-8.907e-01
06:28:27.197160
for this interval the temperature is given by 0.023437499999999993
  steps 600000-900000: gamma=0.0000e+00, <e_dot>_blk=5.000e-01, eta_100=7.247e+00 eta_o_100=-1.195e+00
19:49:47.536426
for this interval the temperature is given by 0.023437499999999993
  steps 900000-1200000: gamma=0.0000e+00, <e_dot>_blk=5.000e-01, eta_100=7.384e+00 eta_o_100=-5.886e-01
08:35:01.383939
for this interval the temperature is given by 0.023437499999999993
  steps 1200000-1500000: gamma=0.0000e+00, <e_dot>_blk=5.000e-01, eta_100=7.947e+00 eta_o_100=-9.058e-01
00:21:32.507624
for this interval the temperature is given by 0.023437499999999993
  steps 1500000-1800000: gamma=0.0000e+00, <e_dot>_blk=5.000e-01, eta_100=7.144e+00 eta_o_100=-1.070e+00
11:54:50.117338
for this interval the temperature is given by 0.023437499999999993
the number of collisions is given by 156571
the net number of chiral collisions is given by -81231
shear_kin/shear_col = 43.73181509478727
Estimated eta   ~ 7.413585e+00
Estimated eta_kin   ~ 7.247851e+00
Estimated eta_col   ~ 1.657340e-01
Estimated eta_o ~ -9.380393e-01
Estimated eta_R ~ 0.000000e+00
Initial T (from sbar):            2.343750e-02
Final T (from sim.vel, peculiar): 2.343750e-02
eta divided by square root of temperature   ~ 4.842533e+01
Chapman–Enskog eta0 using initial T: 8.504471e+00  [kBT_init=2.343750e-02, sigma=5.000e-03]
Chapman–Enskog etao0 using initial T: -1.063059e+00  [kBT_init=2.343750e-02, sigma=5.000e-03]
the ratio of numerics to analytics is 0.8717278641242173
the ratio of numerics to analytics for odd is 0.8823963407304846
11:54:50.125382
[T_1] Running simulation 1/1
  steps     0-300000: gamma=0.0000e+00, <e_dot>_blk=1.000e+00, eta_100=6.512e+00 eta_o_100=-7.808e-01
18:56:17.470540
for this interval the temperature is given by 0.02343749999999999
  steps 300000-600000: gamma=0.0000e+00, <e_dot>_blk=1.000e+00, eta_100=6.591e+00 eta_o_100=-8.582e-01
07:27:54.857177
for this interval the temperature is given by 0.02343749999999999
  steps 600000-900000: gamma=0.0000e+00, <e_dot>_blk=1.000e+00, eta_100=6.599e+00 eta_o_100=-5.565e-01
21:58:10.392160
for this interval the temperature is given by 0.02343749999999999
  steps 900000-1200000: gamma=0.0000e+00, <e_dot>_blk=1.000e+00, eta_100=6.548e+00 eta_o_100=-6.503e-01
13:59:03.408767
for this interval the temperature is given by 0.023437499999999993
  steps 1200000-1500000: gamma=0.0000e+00, <e_dot>_blk=1.000e+00, eta_100=6.548e+00 eta_o_100=-9.451e-01
06:01:31.787624
for this interval the temperature is given by 0.02343749999999999
  steps 1500000-1800000: gamma=0.0000e+00, <e_dot>_blk=1.000e+00, eta_100=6.611e+00 eta_o_100=-6.936e-01
22:07:53.430951
for this interval the temperature is given by 0.023437499999999993
the number of collisions is given by 155503
the net number of chiral collisions is given by -81145
shear_kin/shear_col = 41.198589590831624
Estimated eta   ~ 6.568193e+00
Estimated eta_kin   ~ 6.412544e+00
Estimated eta_col   ~ 1.556496e-01
Estimated eta_o ~ -7.474046e-01
Estimated eta_R ~ 0.000000e+00
Initial T (from sbar):            2.343750e-02
Final T (from sim.vel, peculiar): 2.343750e-02
eta divided by square root of temperature   ~ 4.290326e+01
Chapman–Enskog eta0 using initial T: 8.504471e+00  [kBT_init=2.343750e-02, sigma=5.000e-03]
Chapman–Enskog etao0 using initial T: -1.063059e+00  [kBT_init=2.343750e-02, sigma=5.000e-03]
the ratio of numerics to analytics is 0.772322339683408
the ratio of numerics to analytics for odd is 0.703069825039109
22:07:53.441855
[T_1] Running simulation 1/1
  steps     0-300000: gamma=0.0000e+00, <e_dot>_blk=1.500e+00, eta_100=5.511e+00 eta_o_100=-4.805e-01
23:52:34.642627
for this interval the temperature is given by 0.02343749999999999
