nohup: ignoring input
Packing fraction phi = 0.019634954084936207
10:13:26.983130
[T_2] Running simulation 1/1
  steps     0-300000: gamma=0.0000e+00, <e_dot>_blk=1.500e+00, eta_100=8.007e+00 eta_o_100=-8.883e-01
07:10:59.055759
for this interval the temperature is given by 0.0390625
  steps 300000-600000: gamma=0.0000e+00, <e_dot>_blk=1.500e+00, eta_100=8.071e+00 eta_o_100=-1.045e+00
16:06:28.987438
for this interval the temperature is given by 0.0390625
  steps 600000-900000: gamma=0.0000e+00, <e_dot>_blk=1.500e+00, eta_100=8.243e+00 eta_o_100=-1.018e+00
01:47:39.798464
for this interval the temperature is given by 0.0390625
  steps 900000-1200000: gamma=0.0000e+00, <e_dot>_blk=1.500e+00, eta_100=8.373e+00 eta_o_100=-9.238e-01
09:45:07.099400
for this interval the temperature is given by 0.03906250000000001
  steps 1200000-1500000: gamma=0.0000e+00, <e_dot>_blk=1.500e+00, eta_100=7.900e+00 eta_o_100=-9.762e-01
17:47:43.759853
for this interval the temperature is given by 0.03906250000000001
  steps 1500000-1800000: gamma=0.0000e+00, <e_dot>_blk=1.500e+00, eta_100=8.238e+00 eta_o_100=-1.168e+00
01:46:24.998730
for this interval the temperature is given by 0.0390625
the number of collisions is given by 201881
the net number of chiral collisions is given by -106099
shear_kin/shear_col = 41.39003103463146
Estimated eta   ~ 8.138556e+00
Estimated eta_kin   ~ 7.946564e+00
Estimated eta_col   ~ 1.919922e-01
Estimated eta_o ~ -1.003127e+00
Estimated eta_R ~ 0.000000e+00
Initial T (from sbar):            3.906250e-02
Final T (from sim.vel, peculiar): 3.906250e-02
eta divided by square root of temperature   ~ 4.117820e+01
Chapman–Enskog eta0 using initial T: 1.097923e+01  [kBT_init=3.906250e-02, sigma=5.000e-03]
Chapman–Enskog etao0 using initial T: -1.372403e+00  [kBT_init=3.906250e-02, sigma=5.000e-03]
the ratio of numerics to analytics is 0.7412687217972038
the ratio of numerics to analytics for odd is 0.7309275065015605
01:46:25.005729
[T_2] Running simulation 1/1
  steps     0-300000: gamma=0.0000e+00, <e_dot>_blk=2.000e+00, eta_100=7.249e+00 eta_o_100=-7.451e-01
17:46:03.205378
for this interval the temperature is given by 0.0390625
  steps 300000-600000: gamma=0.0000e+00, <e_dot>_blk=2.000e+00, eta_100=7.291e+00 eta_o_100=-7.924e-01
01:43:13.253259
for this interval the temperature is given by 0.03906249999999999
  steps 600000-900000: gamma=0.0000e+00, <e_dot>_blk=2.000e+00, eta_100=7.163e+00 eta_o_100=-6.870e-01
09:44:14.892726
for this interval the temperature is given by 0.0390625
  steps 900000-1200000: gamma=0.0000e+00, <e_dot>_blk=2.000e+00, eta_100=7.184e+00 eta_o_100=-7.913e-01
17:44:31.155544
for this interval the temperature is given by 0.039062499999999986
  steps 1200000-1500000: gamma=0.0000e+00, <e_dot>_blk=2.000e+00, eta_100=7.186e+00 eta_o_100=-7.932e-01
01:41:07.959966
for this interval the temperature is given by 0.0390625
  steps 1500000-1800000: gamma=0.0000e+00, <e_dot>_blk=2.000e+00, eta_100=7.187e+00 eta_o_100=-8.477e-01
09:44:21.334198
for this interval the temperature is given by 0.0390625
the number of collisions is given by 207226
the net number of chiral collisions is given by -112152
shear_kin/shear_col = 41.00197327549515
Estimated eta   ~ 7.210138e+00
Estimated eta_kin   ~ 7.038476e+00
Estimated eta_col   ~ 1.716619e-01
Estimated eta_o ~ -7.761209e-01
Estimated eta_R ~ 4.440892e-16
Initial T (from sbar):            3.906250e-02
Final T (from sim.vel, peculiar): 3.906250e-02
eta divided by square root of temperature   ~ 3.648073e+01
Chapman–Enskog eta0 using initial T: 1.097923e+01  [kBT_init=3.906250e-02, sigma=5.000e-03]
Chapman–Enskog etao0 using initial T: -1.372403e+00  [kBT_init=3.906250e-02, sigma=5.000e-03]
the ratio of numerics to analytics is 0.6567073348096184
the ratio of numerics to analytics for odd is 0.5655196351329116
09:44:21.335196
